android/app/build/intermediates/manifest_merge_blame_file/debug/manifest-merger-blame-debug-report.txt
1<?xml version="1.0" encoding="utf-8"?>
2<manifest xmlns:android="http://schemas.android.com/apk/res/android"
3    package="com.int3120_musicapp"
4    android:versionCode="1"
5    android:versionName="0.1.1" >
6
7    <uses-sdk
8        android:minSdkVersion="21"
9        android:targetSdkVersion="33" />
10
11    <uses-permission android:name="android.permission.SYSTEM_ALERT_WINDOW" />
11-->src/debug/AndroidManifest.xml:5:5-77
11-->src/debug/AndroidManifest.xml:5:22-75
12    <uses-permission android:name="android.permission.INTERNET" />
12-->src/main/AndroidManifest.xml:3:5-67
12-->src/main/AndroidManifest.xml:3:22-64
13    <uses-permission android:name="android.permission.ACCESS_WIFI_STATE" />
13-->[com.facebook.flipper:flipper:0.125.0] AndroidManifest.xml:16:5-76
13-->[com.facebook.flipper:flipper:0.125.0] AndroidManifest.xml:16:22-73
14    <uses-permission android:name="android.permission.WAKE_LOCK" />
14-->[:react-native-track-player] AndroidManifest.xml:9:5-68
14-->[:react-native-track-player] AndroidManifest.xml:9:22-65
15    <uses-permission android:name="android.permission.FOREGROUND_SERVICE" />
15-->[:react-native-track-player] AndroidManifest.xml:10:5-77
15-->[:react-native-track-player] AndroidManifest.xml:10:22-74
16
17    <queries>
17-->[androidx.test:runner:1.4.0] AndroidManifest.xml:24:5-28:15
18        <package android:name="androidx.test.orchestrator" />
18-->[androidx.test:runner:1.4.0] AndroidManifest.xml:25:9-62
18-->[androidx.test:runner:1.4.0] AndroidManifest.xml:25:18-59
19        <package android:name="androidx.test.services" />
19-->[androidx.test:runner:1.4.0] AndroidManifest.xml:26:9-58
19-->[androidx.test:runner:1.4.0] AndroidManifest.xml:26:18-55
20        <package android:name="com.google.android.apps.common.testing.services" />
20-->[androidx.test:runner:1.4.0] AndroidManifest.xml:27:9-83
20-->[androidx.test:runner:1.4.0] AndroidManifest.xml:27:18-80
21    </queries>
22
23    <uses-permission android:name="android.permission.ACCESS_NETWORK_STATE" />
23-->[com.google.android.exoplayer:exoplayer-core:2.18.1] AndroidManifest.xml:24:5-79
23-->[com.google.android.exoplayer:exoplayer-core:2.18.1] AndroidManifest.xml:24:22-76
24
25    <permission
25-->[androidx.core:core:1.9.0] AndroidManifest.xml:22:5-24:47
26        android:name="com.int3120_musicapp.DYNAMIC_RECEIVER_NOT_EXPORTED_PERMISSION"
26-->[androidx.core:core:1.9.0] AndroidManifest.xml:23:9-81
27        android:protectionLevel="signature" />
27-->[androidx.core:core:1.9.0] AndroidManifest.xml:24:9-44
28
29    <uses-permission android:name="com.int3120_musicapp.DYNAMIC_RECEIVER_NOT_EXPORTED_PERMISSION" />
29-->[androidx.core:core:1.9.0] AndroidManifest.xml:26:5-97
29-->[androidx.core:core:1.9.0] AndroidManifest.xml:26:22-94
30
31    <application
31-->src/main/AndroidManifest.xml:5:5-24:19
32        android:name="com.int3120_musicapp.MainApplication"
32-->src/main/AndroidManifest.xml:6:7-38
33        android:allowBackup="false"
33-->src/main/AndroidManifest.xml:10:7-34
34        android:appComponentFactory="androidx.core.app.CoreComponentFactory"
34-->[androidx.core:core:1.9.0] AndroidManifest.xml:28:18-86
35        android:debuggable="true"
36        android:icon="@mipmap/ic_launcher"
36-->src/main/AndroidManifest.xml:8:7-41
37        android:label="@string/app_name"
37-->src/main/AndroidManifest.xml:7:7-39
38        android:roundIcon="@mipmap/ic_launcher_round"
38-->src/main/AndroidManifest.xml:9:7-52
39        android:theme="@style/AppTheme"
39-->src/main/AndroidManifest.xml:11:7-38
40        android:usesCleartextTraffic="true" >
40-->src/debug/AndroidManifest.xml:8:9-44
41        <activity
41-->src/debug/AndroidManifest.xml:11:9-111
42            android:name="com.facebook.react.devsupport.DevSettingsActivity"
42-->src/debug/AndroidManifest.xml:11:19-83
43            android:exported="false" />
43-->src/debug/AndroidManifest.xml:11:84-108
44        <activity
44-->src/main/AndroidManifest.xml:12:7-23:18
45            android:name="com.int3120_musicapp.MainActivity"
45-->src/main/AndroidManifest.xml:13:9-37
46            android:configChanges="keyboard|keyboardHidden|orientation|screenLayout|screenSize|smallestScreenSize|uiMode"
46-->src/main/AndroidManifest.xml:15:9-118
47            android:exported="true"
47-->src/main/AndroidManifest.xml:18:9-32
48            android:label="@string/app_name"
48-->src/main/AndroidManifest.xml:14:9-41
49            android:launchMode="singleTask"
49-->src/main/AndroidManifest.xml:16:9-40
50            android:windowSoftInputMode="adjustResize" >
50-->src/main/AndroidManifest.xml:17:9-51
51            <intent-filter>
51-->src/main/AndroidManifest.xml:19:9-22:25
52                <action android:name="android.intent.action.MAIN" />
52-->src/main/AndroidManifest.xml:20:13-65
52-->src/main/AndroidManifest.xml:20:21-62
53
54                <category android:name="android.intent.category.LAUNCHER" />
54-->src/main/AndroidManifest.xml:21:13-73
54-->src/main/AndroidManifest.xml:21:23-70
55            </intent-filter>
56        </activity> <!-- The main service, handles playback, playlists and media buttons -->
57        <service
57-->[:react-native-track-player] AndroidManifest.xml:15:9-23:19
58            android:name="com.doublesymmetry.trackplayer.service.MusicService"
58-->[:react-native-track-player] AndroidManifest.xml:16:13-79
59            android:enabled="true"
59-->[:react-native-track-player] AndroidManifest.xml:17:13-35
60            android:exported="true"
60-->[:react-native-track-player] AndroidManifest.xml:18:13-36
61            android:foregroundServiceType="mediaPlayback" >
61-->[:react-native-track-player] AndroidManifest.xml:19:13-58
62            <intent-filter>
62-->[:react-native-track-player] AndroidManifest.xml:20:13-22:29
63                <action android:name="android.intent.action.MEDIA_BUTTON" />
63-->[:react-native-track-player] AndroidManifest.xml:21:17-77
63-->[:react-native-track-player] AndroidManifest.xml:21:25-74
64            </intent-filter>
65        </service>
66
67        <provider
67-->[androidx.emoji2:emoji2:1.0.0] AndroidManifest.xml:26:9-34:20
68            android:name="androidx.startup.InitializationProvider"
68-->[androidx.emoji2:emoji2:1.0.0] AndroidManifest.xml:27:13-67
69            android:authorities="com.int3120_musicapp.androidx-startup"
69-->[androidx.emoji2:emoji2:1.0.0] AndroidManifest.xml:28:13-68
70            android:exported="false" >
70-->[androidx.emoji2:emoji2:1.0.0] AndroidManifest.xml:29:13-37
71            <meta-data
71-->[androidx.emoji2:emoji2:1.0.0] AndroidManifest.xml:31:13-33:52
72                android:name="androidx.emoji2.text.EmojiCompatInitializer"
72-->[androidx.emoji2:emoji2:1.0.0] AndroidManifest.xml:32:17-75
73                android:value="androidx.startup" />
73-->[androidx.emoji2:emoji2:1.0.0] AndroidManifest.xml:33:17-49
74            <meta-data
74-->[androidx.lifecycle:lifecycle-process:2.4.0] AndroidManifest.xml:31:13-33:52
75                android:name="androidx.lifecycle.ProcessLifecycleInitializer"
75-->[androidx.lifecycle:lifecycle-process:2.4.0] AndroidManifest.xml:32:17-78
76                android:value="androidx.startup" />
76-->[androidx.lifecycle:lifecycle-process:2.4.0] AndroidManifest.xml:33:17-49
77        </provider>
78    </application>
79
80</manifest>